============================= test session starts =============================
platform win32 -- Python 3.14.0, pytest-8.3.5, pluggy-1.6.0
rootdir: C:\Users\dusma\my codes\demand-forecasting-system
configfile: pytest.ini
testpaths: tests
plugins: anyio-4.13.0
collected 4 items

tests\test_exporters.py ...                                              [ 75%]
tests\test_forecasting.py .                                              [100%]

============================== 4 passed in 0.11s ==============================
